VirtualBox GUI VM Selector Window 4.3.26 r98988 linux.amd64 (Mar 16 2015 18:09:34) release log
00:00:00.081173 Log opened 2015-07-28T10:37:47.427835000Z
00:00:00.081174 Build Type: release
00:00:00.081176 OS Product: Linux
00:00:00.081177 OS Release: 3.16.0-34-generic
00:00:00.081178 OS Version: #47~14.04.1-Ubuntu SMP Fri Apr 10 17:49:16 UTC 2015
00:00:00.081197 DMI Product Name: LIFEBOOK UH572
00:00:00.081204 DMI Product Version:  
00:00:00.081422 Host RAM: 7844MB total, 3364MB available
00:00:00.081424 Executable: /usr/lib/virtualbox/VirtualBox
00:00:00.081425 Process ID: 12690
00:00:00.081426 Package type: LINUX_64BITS_UBUNTU_13_04
00:00:00.084657 UIMediumEnumerator: Medium-enumeration started...
00:00:00.141486 UIMediumEnumerator: Medium-enumeration finished!
00:00:02.171104 2D support test succeeded
00:00:02.174660 UIMediumEnumerator: Medium-enumeration started...
00:00:02.238079 UIMediumEnumerator: Medium-enumeration finished!
00:00:24.598162 UIMediumEnumerator: Machine (or snapshot) event received, ID = 78e1ee5a-c3ad-434a-83db-8a948fd124ea
00:00:24.598190 UIMediumEnumerator:  Old usage: 823999fb-cce1-48ea-87c8-6c9c319d3c96
00:00:24.599104 UIMediumEnumerator:  New usage: 823999fb-cce1-48ea-87c8-6c9c319d3c96
00:00:24.599118 UIMediumEnumerator: Machine (or snapshot) event processed, ID = 78e1ee5a-c3ad-434a-83db-8a948fd124ea
00:00:24.601352 UIMediumEnumerator: Machine (or snapshot) event received, ID = 78e1ee5a-c3ad-434a-83db-8a948fd124ea
00:00:24.601373 UIMediumEnumerator:  Old usage: 823999fb-cce1-48ea-87c8-6c9c319d3c96
00:00:24.602244 UIMediumEnumerator:  New usage: 823999fb-cce1-48ea-87c8-6c9c319d3c96
00:00:24.602256 UIMediumEnumerator: Machine (or snapshot) event processed, ID = 78e1ee5a-c3ad-434a-83db-8a948fd124ea
00:00:24.604196 UIMediumEnumerator: Machine (or snapshot) event received, ID = 78e1ee5a-c3ad-434a-83db-8a948fd124ea
00:00:24.604214 UIMediumEnumerator:  Old usage: 823999fb-cce1-48ea-87c8-6c9c319d3c96
00:00:24.604783 UIMediumEnumerator:  New usage: 823999fb-cce1-48ea-87c8-6c9c319d3c96
00:00:24.604797 UIMediumEnumerator: Machine (or snapshot) event processed, ID = 78e1ee5a-c3ad-434a-83db-8a948fd124ea
00:00:24.606239 UIMediumEnumerator: Machine (or snapshot) event received, ID = 78e1ee5a-c3ad-434a-83db-8a948fd124ea
00:00:24.606252 UIMediumEnumerator:  Old usage: 823999fb-cce1-48ea-87c8-6c9c319d3c96
00:00:24.606820 UIMediumEnumerator:  New usage: 823999fb-cce1-48ea-87c8-6c9c319d3c96
00:00:24.606832 UIMediumEnumerator: Machine (or snapshot) event processed, ID = 78e1ee5a-c3ad-434a-83db-8a948fd124ea
00:00:24.709213 UIMediumEnumerator: Machine (or snapshot) event received, ID = 78e1ee5a-c3ad-434a-83db-8a948fd124ea
00:00:24.709300 UIMediumEnumerator:  Old usage: 823999fb-cce1-48ea-87c8-6c9c319d3c96
00:00:24.711743 UIMediumEnumerator:  New usage: 823999fb-cce1-48ea-87c8-6c9c319d3c96
00:00:24.711784 UIMediumEnumerator: Machine (or snapshot) event processed, ID = 78e1ee5a-c3ad-434a-83db-8a948fd124ea
00:00:24.760664 UIMediumEnumerator: Machine (or snapshot) event received, ID = 78e1ee5a-c3ad-434a-83db-8a948fd124ea
00:00:24.760697 UIMediumEnumerator:  Old usage: 823999fb-cce1-48ea-87c8-6c9c319d3c96
00:00:24.761377 UIMediumEnumerator:  New usage: 823999fb-cce1-48ea-87c8-6c9c319d3c96
00:00:24.761389 UIMediumEnumerator: Machine (or snapshot) event processed, ID = 78e1ee5a-c3ad-434a-83db-8a948fd124ea
